<?xml version="1.0" encoding="UTF-8"?>
<testng-results ignored="0" total="0" passed="0" failed="0" skipped="0">
  <reporter-output>
  </reporter-output>
  <suite started-at="2023-10-15T10:10:26 CEST" name="Surefire suite" finished-at="2023-10-15T10:10:34 CEST" duration-ms="7560">
    <groups>
    </groups>
    <test started-at="2023-10-15T10:10:26 CEST" name="Surefire test" finished-at="2023-10-15T10:10:34 CEST" duration-ms="7560">
    </test> <!-- Surefire test -->
  </suite> <!-- Surefire suite -->
</testng-results>
